{"C:\\Users\\dema3\\Documents\\repositorios\\rest-api-node-ts-server\\src\\router.ts": {"path":"C:\\Users\\dema3\\Documents\\repositorios\\rest-api-node-ts-server\\src\\router.ts","statementMap":{"0":{"start":{"line":1,"column":0},"end":{"line":1,"column":33}},"1":{"start":{"line":2,"column":0},"end":{"line":2,"column":48}},"2":{"start":{"line":4,"column":0},"end":{"line":4,"column":null}},"3":{"start":{"line":12,"column":0},"end":{"line":12,"column":49}},"4":{"start":{"line":14,"column":15},"end":{"line":14,"column":23}},"5":{"start":{"line":16,"column":0},"end":{"line":35,"column":2}},"6":{"start":{"line":27,"column":23},"end":{"line":27,"column":32}},"7":{"start":{"line":37,"column":0},"end":{"line":37,"column":29}},"8":{"start":{"line":39,"column":0},"end":{"line":44,"column":2}},"9":{"start":{"line":46,"column":0},"end":{"line":66,"column":2}},"10":{"start":{"line":56,"column":23},"end":{"line":56,"column":32}},"11":{"start":{"line":68,"column":0},"end":{"line":73,"column":2}},"12":{"start":{"line":75,"column":0},"end":{"line":80,"column":2}},"13":{"start":{"line":82,"column":0},"end":{"line":82,"column":22}}},"fnMap":{"0":{"name":"(anonymous_0)","decl":{"start":{"line":27,"column":12},"end":{"line":27,"column":13}},"loc":{"start":{"line":27,"column":23},"end":{"line":27,"column":32}}},"1":{"name":"(anonymous_1)","decl":{"start":{"line":56,"column":12},"end":{"line":56,"column":13}},"loc":{"start":{"line":56,"column":23},"end":{"line":56,"column":32}}}},"branchMap":{},"s":{"0":2,"1":2,"2":2,"3":2,"4":2,"5":2,"6":3,"7":2,"8":2,"9":2,"10":4,"11":2,"12":2,"13":2},"f":{"0":3,"1":4},"b":{}}
,"C:\\Users\\dema3\\Documents\\repositorios\\rest-api-node-ts-server\\src\\server.ts": {"path":"C:\\Users\\dema3\\Documents\\repositorios\\rest-api-node-ts-server\\src\\server.ts","statementMap":{"0":{"start":{"line":1,"column":0},"end":{"line":1,"column":30}},"1":{"start":{"line":2,"column":0},"end":{"line":2,"column":28}},"2":{"start":{"line":4,"column":0},"end":{"line":4,"column":30}},"3":{"start":{"line":5,"column":0},"end":{"line":5,"column":29}},"4":{"start":{"line":9,"column":2},"end":{"line":18,"column":3}},"5":{"start":{"line":10,"column":4},"end":{"line":10,"column":28}},"6":{"start":{"line":11,"column":4},"end":{"line":11,"column":14}},"7":{"start":{"line":16,"column":4},"end":{"line":16,"column":23}},"8":{"start":{"line":17,"column":4},"end":{"line":17,"column":79}},"9":{"start":{"line":20,"column":0},"end":{"line":20,"column":20}},"10":{"start":{"line":23,"column":15},"end":{"line":23,"column":24}},"11":{"start":{"line":26,"column":0},"end":{"line":26,"column":27}},"12":{"start":{"line":29,"column":0},"end":{"line":29,"column":36}},"13":{"start":{"line":31,"column":0},"end":{"line":33,"column":3}},"14":{"start":{"line":32,"column":2},"end":{"line":32,"column":25}},"15":{"start":{"line":35,"column":0},"end":{"line":35,"column":22}}},"fnMap":{"0":{"name":"connectToDatabase","decl":{"start":{"line":8,"column":15},"end":{"line":8,"column":32}},"loc":{"start":{"line":8,"column":32},"end":{"line":19,"column":1}}},"1":{"name":"(anonymous_2)","decl":{"start":{"line":31,"column":19},"end":{"line":31,"column":20}},"loc":{"start":{"line":31,"column":32},"end":{"line":33,"column":1}}}},"branchMap":{},"s":{"0":2,"1":2,"2":2,"3":2,"4":2,"5":2,"6":1,"7":0,"8":0,"9":2,"10":2,"11":2,"12":2,"13":2,"14":1,"15":2},"f":{"0":2,"1":1},"b":{}}
,"C:\\Users\\dema3\\Documents\\repositorios\\rest-api-node-ts-server\\src\\config\\db.ts": {"path":"C:\\Users\\dema3\\Documents\\repositorios\\rest-api-node-ts-server\\src\\config\\db.ts","statementMap":{"0":{"start":{"line":1,"column":0},"end":{"line":1,"column":49}},"1":{"start":{"line":2,"column":0},"end":{"line":2,"column":28}},"2":{"start":{"line":4,"column":0},"end":{"line":4,"column":16}},"3":{"start":{"line":5,"column":11},"end":{"line":15,"column":2}},"4":{"start":{"line":17,"column":0},"end":{"line":17,"column":18}}},"fnMap":{},"branchMap":{},"s":{"0":2,"1":2,"2":2,"3":2,"4":2},"f":{},"b":{}}
,"C:\\Users\\dema3\\Documents\\repositorios\\rest-api-node-ts-server\\src\\handlers\\products.ts": {"path":"C:\\Users\\dema3\\Documents\\repositorios\\rest-api-node-ts-server\\src\\handlers\\products.ts","statementMap":{"0":{"start":{"line":3,"column":0},"end":{"line":3,"column":46}},"1":{"start":{"line":5,"column":22},"end":{"line":12,"column":1}},"2":{"start":{"line":6,"column":2},"end":{"line":11,"column":3}},"3":{"start":{"line":7,"column":20},"end":{"line":7,"column":50}},"4":{"start":{"line":8,"column":4},"end":{"line":8,"column":44}},"5":{"start":{"line":10,"column":4},"end":{"line":10,"column":50}},"6":{"start":{"line":107,"column":2},"end":{"line":107,"column":15}},"7":{"start":{"line":14,"column":20},"end":{"line":27,"column":1}},"8":{"start":{"line":15,"column":2},"end":{"line":26,"column":3}},"9":{"start":{"line":16,"column":21},"end":{"line":19,"column":6}},"10":{"start":{"line":21,"column":4},"end":{"line":23,"column":7}},"11":{"start":{"line":25,"column":4},"end":{"line":25,"column":50}},"12":{"start":{"line":108,"column":2},"end":{"line":108,"column":13}},"13":{"start":{"line":29,"column":24},"end":{"line":48,"column":1}},"14":{"start":{"line":30,"column":2},"end":{"line":47,"column":3}},"15":{"start":{"line":31,"column":19},"end":{"line":31,"column":29}},"16":{"start":{"line":32,"column":20},"end":{"line":34,"column":6}},"17":{"start":{"line":36,"column":4},"end":{"line":40,"column":5}},"18":{"start":{"line":37,"column":6},"end":{"line":39,"column":9}},"19":{"start":{"line":42,"column":4},"end":{"line":44,"column":7}},"20":{"start":{"line":46,"column":4},"end":{"line":46,"column":50}},"21":{"start":{"line":109,"column":2},"end":{"line":109,"column":17}},"22":{"start":{"line":50,"column":22},"end":{"line":67,"column":1}},"23":{"start":{"line":51,"column":17},"end":{"line":51,"column":27}},"24":{"start":{"line":52,"column":18},"end":{"line":52,"column":44}},"25":{"start":{"line":54,"column":2},"end":{"line":58,"column":3}},"26":{"start":{"line":55,"column":4},"end":{"line":57,"column":7}},"27":{"start":{"line":61,"column":2},"end":{"line":61,"column":33}},"28":{"start":{"line":62,"column":2},"end":{"line":62,"column":23}},"29":{"start":{"line":64,"column":2},"end":{"line":66,"column":5}},"30":{"start":{"line":110,"column":2},"end":{"line":110,"column":15}},"31":{"start":{"line":69,"column":27},"end":{"line":86,"column":1}},"32":{"start":{"line":70,"column":17},"end":{"line":70,"column":27}},"33":{"start":{"line":71,"column":18},"end":{"line":71,"column":44}},"34":{"start":{"line":73,"column":2},"end":{"line":77,"column":3}},"35":{"start":{"line":74,"column":4},"end":{"line":76,"column":7}},"36":{"start":{"line":80,"column":2},"end":{"line":80,"column":58}},"37":{"start":{"line":81,"column":2},"end":{"line":81,"column":23}},"38":{"start":{"line":83,"column":2},"end":{"line":85,"column":5}},"39":{"start":{"line":111,"column":2},"end":{"line":111,"column":20}},"40":{"start":{"line":88,"column":22},"end":{"line":104,"column":1}},"41":{"start":{"line":89,"column":17},"end":{"line":89,"column":27}},"42":{"start":{"line":90,"column":18},"end":{"line":90,"column":44}},"43":{"start":{"line":92,"column":2},"end":{"line":96,"column":3}},"44":{"start":{"line":93,"column":4},"end":{"line":95,"column":7}},"45":{"start":{"line":99,"column":2},"end":{"line":99,"column":26}},"46":{"start":{"line":101,"column":2},"end":{"line":103,"column":5}},"47":{"start":{"line":112,"column":2},"end":{"line":112,"column":15}}},"fnMap":{"0":{"name":"(anonymous_1)","decl":{"start":{"line":5,"column":22},"end":{"line":5,"column":27}},"loc":{"start":{"line":5,"column":75},"end":{"line":12,"column":1}}},"1":{"name":"(anonymous_2)","decl":{"start":{"line":14,"column":20},"end":{"line":14,"column":25}},"loc":{"start":{"line":14,"column":73},"end":{"line":27,"column":1}}},"2":{"name":"(anonymous_3)","decl":{"start":{"line":29,"column":24},"end":{"line":29,"column":29}},"loc":{"start":{"line":29,"column":77},"end":{"line":48,"column":1}}},"3":{"name":"(anonymous_4)","decl":{"start":{"line":50,"column":22},"end":{"line":50,"column":27}},"loc":{"start":{"line":50,"column":60},"end":{"line":67,"column":1}}},"4":{"name":"(anonymous_5)","decl":{"start":{"line":69,"column":27},"end":{"line":69,"column":32}},"loc":{"start":{"line":69,"column":65},"end":{"line":86,"column":1}}},"5":{"name":"(anonymous_6)","decl":{"start":{"line":88,"column":22},"end":{"line":88,"column":27}},"loc":{"start":{"line":88,"column":60},"end":{"line":104,"column":1}}}},"branchMap":{"0":{"loc":{"start":{"line":36,"column":4},"end":{"line":40,"column":5}},"type":"if","locations":[{"start":{"line":36,"column":4},"end":{"line":40,"column":5}},{"start":{},"end":{}}]},"1":{"loc":{"start":{"line":54,"column":2},"end":{"line":58,"column":3}},"type":"if","locations":[{"start":{"line":54,"column":2},"end":{"line":58,"column":3}},{"start":{},"end":{}}]},"2":{"loc":{"start":{"line":73,"column":2},"end":{"line":77,"column":3}},"type":"if","locations":[{"start":{"line":73,"column":2},"end":{"line":77,"column":3}},{"start":{},"end":{}}]},"3":{"loc":{"start":{"line":92,"column":2},"end":{"line":96,"column":3}},"type":"if","locations":[{"start":{"line":92,"column":2},"end":{"line":96,"column":3}},{"start":{},"end":{}}]}},"s":{"0":2,"1":2,"2":1,"3":1,"4":1,"5":0,"6":2,"7":2,"8":2,"9":2,"10":2,"11":0,"12":2,"13":2,"14":2,"15":2,"16":2,"17":2,"18":1,"19":2,"20":1,"21":2,"22":2,"23":1,"24":1,"25":1,"26":1,"27":1,"28":0,"29":0,"30":2,"31":2,"32":0,"33":0,"34":0,"35":0,"36":0,"37":0,"38":0,"39":2,"40":2,"41":2,"42":2,"43":2,"44":1,"45":2,"46":1,"47":2},"f":{"0":1,"1":2,"2":2,"3":1,"4":0,"5":2},"b":{"0":[1,1],"1":[1,0],"2":[0,0],"3":[1,1]}}
,"C:\\Users\\dema3\\Documents\\repositorios\\rest-api-node-ts-server\\src\\middleware\\index.ts": {"path":"C:\\Users\\dema3\\Documents\\repositorios\\rest-api-node-ts-server\\src\\middleware\\index.ts","statementMap":{"0":{"start":{"line":2,"column":0},"end":{"line":2,"column":53}},"1":{"start":{"line":4,"column":33},"end":{"line":16,"column":1}},"2":{"start":{"line":9,"column":15},"end":{"line":9,"column":36}},"3":{"start":{"line":10,"column":2},"end":{"line":13,"column":3}},"4":{"start":{"line":11,"column":4},"end":{"line":11,"column":53}},"5":{"start":{"line":12,"column":4},"end":{"line":12,"column":11}},"6":{"start":{"line":15,"column":2},"end":{"line":15,"column":9}},"7":{"start":{"line":4,"column":13},"end":{"line":4,"column":33}}},"fnMap":{"0":{"name":"(anonymous_0)","decl":{"start":{"line":4,"column":33},"end":{"line":4,"column":null}},"loc":{"start":{"line":8,"column":4},"end":{"line":16,"column":1}}}},"branchMap":{"0":{"loc":{"start":{"line":10,"column":2},"end":{"line":13,"column":3}},"type":"if","locations":[{"start":{"line":10,"column":2},"end":{"line":13,"column":3}},{"start":{},"end":{}}]}},"s":{"0":2,"1":2,"2":13,"3":13,"4":7,"5":7,"6":6,"7":2},"f":{"0":13},"b":{"0":[7,6]}}
,"C:\\Users\\dema3\\Documents\\repositorios\\rest-api-node-ts-server\\src\\models\\Product.model.ts": {"path":"C:\\Users\\dema3\\Documents\\repositorios\\rest-api-node-ts-server\\src\\models\\Product.model.ts","statementMap":{"0":{"start":{"line":1,"column":0},"end":{"line":1,"column":79}},"1":{"start":{"line":6,"column":0},"end":{"line":22,"column":null}},"2":{"start":{"line":10,"column":10},"end":{"line":10,"column":null}},"3":{"start":{"line":15,"column":10},"end":{"line":15,"column":null}},"4":{"start":{"line":21,"column":10},"end":{"line":21,"column":null}},"5":{"start":{"line":6,"column":6},"end":{"line":22,"column":null}},"6":{"start":{"line":24,"column":0},"end":{"line":24,"column":23}}},"fnMap":{},"branchMap":{},"s":{"0":2,"1":2,"2":2,"3":2,"4":2,"5":2,"6":2},"f":{},"b":{}}
}
