TN:
SF:src\router.ts
FN:27,(anonymous_0)
FN:56,(anonymous_1)
FNF:2
FNH:2
FNDA:3,(anonymous_0)
FNDA:4,(anonymous_1)
DA:1,2
DA:2,2
DA:4,2
DA:12,2
DA:14,2
DA:16,2
DA:27,3
DA:37,2
DA:39,2
DA:46,2
DA:56,4
DA:68,2
DA:75,2
DA:82,2
LF:14
LH:14
BRF:0
BRH:0
end_of_record
TN:
SF:src\server.ts
FN:8,connectToDatabase
FN:31,(anonymous_2)
FNF:2
FNH:2
FNDA:2,connectToDatabase
FNDA:1,(anonymous_2)
DA:1,2
DA:2,2
DA:4,2
DA:5,2
DA:9,2
DA:10,2
DA:11,1
DA:16,0
DA:17,0
DA:20,2
DA:23,2
DA:26,2
DA:29,2
DA:31,2
DA:32,1
DA:35,2
LF:16
LH:14
BRF:0
BRH:0
end_of_record
TN:
SF:src\config\db.ts
FNF:0
FNH:0
DA:1,2
DA:2,2
DA:4,2
DA:5,2
DA:17,2
LF:5
LH:5
BRF:0
BRH:0
end_of_record
TN:
SF:src\handlers\products.ts
FN:5,(anonymous_1)
FN:14,(anonymous_2)
FN:29,(anonymous_3)
FN:50,(anonymous_4)
FN:69,(anonymous_5)
FN:88,(anonymous_6)
FNF:6
FNH:5
FNDA:1,(anonymous_1)
FNDA:2,(anonymous_2)
FNDA:2,(anonymous_3)
FNDA:1,(anonymous_4)
FNDA:0,(anonymous_5)
FNDA:2,(anonymous_6)
DA:3,2
DA:5,2
DA:6,1
DA:7,1
DA:8,1
DA:10,0
DA:14,2
DA:15,2
DA:16,2
DA:21,2
DA:25,0
DA:29,2
DA:30,2
DA:31,2
DA:32,2
DA:36,2
DA:37,1
DA:42,2
DA:46,1
DA:50,2
DA:51,1
DA:52,1
DA:54,1
DA:55,1
DA:61,1
DA:62,0
DA:64,0
DA:69,2
DA:70,0
DA:71,0
DA:73,0
DA:74,0
DA:80,0
DA:81,0
DA:83,0
DA:88,2
DA:89,2
DA:90,2
DA:92,2
DA:93,1
DA:99,2
DA:101,1
DA:107,2
DA:108,2
DA:109,2
DA:110,2
DA:111,2
DA:112,2
LF:48
LH:37
BRDA:36,0,0,1
BRDA:36,0,1,1
BRDA:54,1,0,1
BRDA:54,1,1,0
BRDA:73,2,0,0
BRDA:73,2,1,0
BRDA:92,3,0,1
BRDA:92,3,1,1
BRF:8
BRH:5
end_of_record
TN:
SF:src\middleware\index.ts
FN:4,(anonymous_0)
FNF:1
FNH:1
FNDA:13,(anonymous_0)
DA:2,2
DA:4,2
DA:9,13
DA:10,13
DA:11,7
DA:12,7
DA:15,6
LF:7
LH:7
BRDA:10,0,0,7
BRDA:10,0,1,6
BRF:2
BRH:2
end_of_record
TN:
SF:src\models\Product.model.ts
FNF:0
FNH:0
DA:1,2
DA:6,2
DA:10,2
DA:15,2
DA:21,2
DA:24,2
LF:6
LH:6
BRF:0
BRH:0
end_of_record
