TN:
SF:src\router.ts
FN:27,(anonymous_0)
FN:56,(anonymous_1)
FNF:2
FNH:2
FNDA:3,(anonymous_0)
FNDA:4,(anonymous_1)
DA:1,2
DA:2,2
DA:4,2
DA:12,2
DA:14,2
DA:16,2
DA:27,3
DA:37,2
DA:39,2
DA:46,2
DA:56,4
DA:68,2
DA:75,2
DA:82,2
LF:14
LH:14
BRF:0
BRH:0
end_of_record
TN:
SF:src\server.ts
FN:8,connectToDatabase
FN:30,(anonymous_2)
FNF:2
FNH:2
FNDA:3,connectToDatabase
FNDA:1,(anonymous_2)
DA:1,2
DA:2,2
DA:4,2
DA:5,2
DA:8,2
DA:9,3
DA:10,3
DA:11,2
DA:12,2
DA:16,1
DA:19,2
DA:22,2
DA:25,2
DA:28,2
DA:30,2
DA:31,1
DA:34,2
LF:17
LH:17
BRF:0
BRH:0
end_of_record
TN:
SF:src\config\db.ts
FNF:0
FNH:0
DA:1,2
DA:2,2
DA:4,2
DA:5,2
DA:17,2
LF:5
LH:5
BRF:0
BRH:0
end_of_record
TN:
SF:src\handlers\products.ts
FN:5,(anonymous_1)
FN:10,(anonymous_2)
FN:21,(anonymous_3)
FN:39,(anonymous_4)
FN:58,(anonymous_5)
FN:77,(anonymous_6)
FNF:6
FNH:6
FNDA:1,(anonymous_1)
FNDA:2,(anonymous_2)
FNDA:2,(anonymous_3)
FNDA:1,(anonymous_4)
FNDA:2,(anonymous_5)
FNDA:2,(anonymous_6)
DA:3,2
DA:5,2
DA:6,1
DA:7,1
DA:10,2
DA:11,2
DA:16,2
DA:21,2
DA:22,2
DA:23,2
DA:27,2
DA:28,1
DA:33,2
DA:39,2
DA:40,1
DA:41,1
DA:43,1
DA:44,1
DA:50,1
DA:51,0
DA:53,0
DA:58,2
DA:59,2
DA:60,2
DA:62,2
DA:63,1
DA:69,2
DA:70,1
DA:72,1
DA:77,2
DA:78,2
DA:79,2
DA:81,2
DA:82,1
DA:88,2
DA:90,1
DA:96,2
DA:97,2
DA:98,2
DA:99,2
DA:100,2
DA:101,2
LF:42
LH:40
BRDA:27,0,0,1
BRDA:27,0,1,1
BRDA:43,1,0,1
BRDA:43,1,1,0
BRDA:62,2,0,1
BRDA:62,2,1,1
BRDA:81,3,0,1
BRDA:81,3,1,1
BRF:8
BRH:7
end_of_record
TN:
SF:src\middleware\index.ts
FN:4,(anonymous_0)
FNF:1
FNH:1
FNDA:15,(anonymous_0)
DA:2,2
DA:4,2
DA:9,15
DA:10,15
DA:11,7
DA:12,7
DA:15,8
LF:7
LH:7
BRDA:10,0,0,7
BRDA:10,0,1,8
BRF:2
BRH:2
end_of_record
TN:
SF:src\models\Product.model.ts
FNF:0
FNH:0
DA:1,3
DA:6,3
DA:10,3
DA:15,3
DA:21,3
DA:24,3
LF:6
LH:6
BRF:0
BRH:0
end_of_record
